
1d039ab60247921e2f6d412d4231f815
1d039ab60247921e2f6d412d4231f815
1d039ab60247921e2f6d412d4231f815
23f9c7104c9e08d4ad602d40d29888eb
37e41ce95bc5cb552d628e3b46f3b364
756fc12618fd4d93d17b4dc89156e73a
030f18b1531cda7f2a5a7a7fe9cf9810
0348aae533ac06d55f56d51e63013031
03a0f0be65662227926a63699f263710
0433788c3a27418e714701b8f11e0a09
04ea1be18bacc193fd3ad9ad8c727881
0551e0b76f36bcd43c1f1d0099122c1e
07dc6bb94c2535078b05a568b954d001
0a54577fe75c352890e91618f80ea14c
0a8897d7c602e267a765af33450c37e6
0ad9d4f589d14b468bb6f7618531707c
0b471cea819d93374bc3297c88fb82d7
0c3b739ac42afff4721c96b9feed069d
0d3ad5a379efab920b4e3c50029ebb1d
0ea0c176de2dbe222f372987deb34b27
0f667314f9125cf4eb55b2a2843343e9
12ce07bd33ebad2fafdd623337d4d6f8
12e838d572cf0c21eef22eebd5e89d27
1312e93d7b52e6d69817cc9b0e54e76f
13c3b80f2a9f6e2dd7fd6e9e8b029ad6
146462bb3b4677f9242b8dd45246e4a4
18687b15be2ea1fdd6ef08b5ebe90c76
19aa3039e3ab56af383a68de8b7a39ec
1a177ac10809ad639cf09b3205e70bc0
1bfe7d78511430c02fe105d0deff8e0b
1c58dbadec9560fcd63f9489bf90b2bd
1c93279a3ffa0334f86b968d281af792
1d48b2c2af81bb6daaf1981d54314294
1fc8ac3c1b9abde70ca3432fffb8e1ea
1ffcede2b7927ab698557cf0b32853ee
210807ec6c456a1f555dff936c4198eb
214092c4f9a18a00c7d99aa3cab4e6de
2264695febb0a2547a5cbe8cb1d68784
2385d0678b839446bf2ec2f96c5f831e
249279c85acae97a360cd323d3ae6ebe
2917562662922eb2db0cdfb7f41c2a2b
295362131e8e515690e46d76384e1c7e
12eda5c6d035fda6f33eb617c01b0e50
2212adaf1dc9ff527bfad9adfa43b739
2c968375063a07851092e3acd32628e5
c602b83b60011e9d228c67f43c49cc56
434d8e340658a0b513cafcfdab8bc255
c1f67719f4530a95e56d4772e9afb829
4366b5074497063987ce008bc7fb42cf
5d3a36f22a6b34636bfea6f498beb2a3
fa1e8f0b63431c8e2f45bd30cd1cf45e
8e8c238eb34ed39bd55f5f56c91a305b
1e3077cff697b7c66ef8472369624f03
ab5179f239b9d7061f74d302fa8f5a03
5ad6c08b63839da4f5407a696e6bda0b
f88b84ed425ee105bba5a73913027c45
35e53394c6ee65080d088efc49f1477b
57c09cb1832c09d1bee71f46d8b05108
b7da2837215922102d134c56e0cd037d
e55c4fda2945eef92f13e92c359ed6b9
6259b2ac003917569d8397da95281212
2d9cf7b584a5055167f398ea8ab4ee60
49ca5c55d4835febb0b5afbabc7197e0
560dd3973612802c730cd93dbbc89b98
417015897fda9a2da437a240f917aa07
13b4283e308997e2ae8f16e9a08c0736
075a3bea9be073883d9a94174e442b18
33ef03d27eef3b3fe14d093ec87f85b9
cd24a9e9f811b3ab4c5bfc0635bad12f
c942167fab7c3646dcf2d221650d4743
d366f6d9773e3ada30e60effc68d4a48
52eb190684012a6bd896ffc2bdf867e0
612dfb5ee42a0c508de950606c9b07c9
0ff0e5ec2dbcbf8e7b0057f69c41ad40
d3e42f7d344b6d81d5da1270a284dc3a
f47157120338b9e6d157d84366347275
6ff96a8b27539e2a264d8275db21e1eb
f3fb8669594076b498f4b620e919e782
328536e65b464320d711d9888340882d
e9e1aeefb71459534bfc3331f9efbbc3
360cbb9a528c37abdf8e3feaf8e45d67
1c0d2b87ea2f35deed22bb3288db885c
0c88791cbde63653852ca7d8be6223a3
51030cbd2bd8fda79d376ea8b2eaa71e
9c8b91dbe38314417074f29c47d0c588
9d8305cad61cb42a7b258ac442f2a355
d9122518a11202fdd71c05c106843e57
81c839244470ff8079a425f9c60c6ec7
4226db65d297c362d303640f889c2b0f
6ba373fb316504133507dbb56876f8d5
bc5feeec4085b10fc85703d355e6f797
21d1aeb005400bf70dcb34436b3bf7d4
ba4f5a105f491548bc557b139e43906e
ffe4b9a1adf4cf5c41b62ac6123ccbea
1bf005f8a8bfa055d1d5ca3ffa148024
fd2aedac8c981d8956dcb37e1bb77cc2
9c5d3e1270aafe59e23d20ac57c5f6a1
7e60eaad47158a384c0368dae8a5c60f
7284d65b53cc5fb55870715dce21ef3f
74cf63087c48e64815c7a779b71f423a
9b5a815d33a21aefa6a4656a141f103a
c5769680ee53999621eb5da4e581cb2a
5157a451dee3d85c7111ee4895c63463
9b4649cd36baa45944486144f4d2ddde
11eefa971f5e33d25f8389b494229076
08e6b91df049a8f4d0b4890251134a0e
5bda067d977fd6e293391bddaec7be78
93fbffe497cf4320fe3010f8cda1e402
ad3b9b4e1ce749f40cc50d172336c399
551226904587114dc810851057747c71
5772edbd5734fb1fbd1bd897f9e7e542
eb7770e099bf9380e9003d54c0c26955
fe1523358d490048bfb9ef99faa83aa9
c7fb2033689a6b1d0b71f677f31b4c1c
e31b67bae3ea8f5444c0d54e9af0700e
79700fbb32e1302d376f3956f2fba0df
47c1fafb4996feddeaa6ba81abc19093
08ff1580a4ed439355b435482acd20aa
6bcda0a2ef3824441f5fc4f7b281a353
3976451b10638f8fce5e06dd6e434172
93f0e5c37f40d838db3c64113f15794f
3bf602d21d2c2a67f6bbc3ea53b63455
6d9f4bbf7d7427d83b3c15c7bb3b99fb
d6a8559a84967da541ac1fd8b979c5ef
769a65bdd9f9d078c81128a44864018a
a3d6dc496abd9c1356c493ed845e1efb
866395052fd9e2cf5ad7b41b431938b8
3605049354375588ac148a32d7d9b80a
81f26f9fccb5563b74e93a9da23bd410
688efd4fd079f0ec134a08f2203cb46a
950aed3b2e03a08dfa8e752dd9c8c77c
5f88cead885d406f8d67f6a581c53df8
a3062d75d270eb9578cd4d274a99f5fa
1da02831a22a6534a1faab7118cae128
364d7af04be1355fdbf3b4045c846a33
7f868d1d228e4872dc526d72c716b68c
1115ced28e7508622a97269ac762975b
3aadeb017c0fe1e4618c81bd99682a37
3732c6b4401b0981d73a6b4c10e7d58d
8e48826de9eb2e1fa403e5db1f92eae9
1cdd28abdd7bef4996e8883fede4fe3b
eb0161a344137bd85d9e9eefe3d02ac6
d5739004bdc5cb9b2a5716068922b9a3
2ca2874836e2ce8b4014a6e2dd450146
2794e68806570df3f5398ba3010ffb88
149ab21688387aabc5d608c37e53d808
55770487a4b6851b50f75fe53dedd8fd
437b23726744d23e7ae855ea7a9a43fe
05fb370656715ed926ceab45be143d36
bb9c2ea7bcf07c39e8c68073c3ab6551
3b3a811b80aece34713576b923b6e560
0ed1365d04e9593af1fcc148f85af21c
a0aa2824e2635187f4c609c72476e2b9
1f7c2ea813c348c432157b03fcb80e3a
0bc98304df25e7c5f5c4d6f4c0001561
10a44688341808af4511f24f24dde835
2d51d660b6c41e54ed9afcb51e058cf5
5415b1280a0aa902ad49db7043bb42b0
sye5c276cd35620af2787094ef641a8374
syf6e5769c40e5da580cff53844b3f8f6d
ad5a3a5cf58e612096be49fe7979d200
a03d7fcd9800b10c4fc275a696c2a1dc
syb629ca23966b670be9b01493aaaa6621
4a2a33d71c848ddc69d0a246010a3130
933f867058e6048c5833d364a8351139
aeeb7b44c9b65045294cc22e651bb821
d3bfb139ba2bee6c2bfe21c9c40b797d
sy266e236e3c575a20b3d7c8f4c075d6f3
377c95aba917afdc492d4a38b4d36d9e
240f40eb977f2c8288a5429ad3726769
ef447cf851d7c1208778a4d92898cc43
0a23b8ce2ea22bd795c48126f61ead57
39c057cc67e7ab7f54323b0f0b8f516a
fb7ef8561670b7d8f9b8307aa170fac7
6e9ee90df3aca7a69ba5909f1f7f4eae
0b6af80c0bbe02424384fead3f71638b
sy2a39e0de3a178c68c8cbcc92437ada3e
c615055819da3d5e67ca9725acadc5fa
118674e31933a938c2ce8d76d1e56341
0e19dba258ad4305bc7ee25096c1c232
1df97c0d4b0d3c14b40532e8f02fda68
sybe304c999162da6f07096201c5ae83a6
0b8b708602e6ef03b689c4a45ec6697d
a180085aceb9a7d07e7c99a327ba74e0
ad18682160539f9989f8d28ebdb5e866
4783532d066cabe61a4b0410d199fe95
d2526c11d91bfeaeb43d3653e9c18603
7e5c3d33cbbb846321224ffd0622a468
55d660151c6da2a7d242f5ef817ac428
2c338987c8f40f28e80d743087010cae
4c3b1a2df726c6897fbaca204c03682c
d905d116d6475e04ffb18fd1bd22b07c
1d5fe5db3375b89da4165130a9921a5d
9b596fb8aff107782e005ddd7aa16f0b
161196b4f980e07b0aa3ecc73b9327a7
sybc0578740388a5c63af2e0c7b9d0d667
eb7c7aad6e9b261baefc021856e3d626
e44d98e42689083a27e20afdd845def5
35a4640e83037beec4dba5bf7f4ecac9
5fd99ffecb69e27d599a67c29b439a12
0dec44bfc59f0575fce87d96a8435f09
8c4166428aae32cac549d32c577e20c9
8b66fcba48ffda4212d5a0f9300570fa
f51724084d375886d1a31560de10bb40
80e269b507e5606008689b19cdef6793
0ac7e4f8c43390c8b46cd22f71311e0e
7a6c49f22141c5108c864b01516cd411
0a3b155e9a7fde5cae349ac03f4bbafe
64d9a93852e0695d1d9d07f466808ffe
8ac86fd0c5c9d7dc717e62336b216dca
408af4cb13d74004a4cf1766b8fa3840
181deaca01904fc175e7b6dd7be8e0a3
7a73d88ed4e7d732c655e220034de04f
6e73741f41d908a4c87fb6dcb8e990c9
b4690cc72b6d8ddbde6cff0ef71df73a
cd9e00733fa1a2535f1258d929e65aef
e81bc1a2bf698d4ca06eb55008533398
4d084e87baec7022b3a5343974ec3dc1
29f3e5464ff8f88bc3bdbecaef45838e
ac4da31a54d71bc0de95330d037d8209
fd2b7fc71f86ac40d4ae3f79996209aa
7eb33714f02ccc3523d6ef864cf1c318
838a1b5c4fd0b4cccfdcc38f52d59546
4104c433a85c72318ac529becc96bacf
eb6a0321ddede203fb599baeebdc8835
22d4aa6e89a175add9f301f524886ebd
729d6d0967bd7d924ee6d316d1a72a69
cc28b0f7cbbeb61c9240104f5b0100ef
73f9f67ca088c5986c5f586dabef203f
6698e117e9d05382641857075b54d76c
6bff5be1e66db54cd401c0a2fbf851ad
1eead6992794a8d970444293b979b027
652a6f31917b969b03a63e2a54e8e06b
d520a26944c85c33f788af8f0c298cef
4b1578e40fff11cfbe45aa28df85eb56
2b98b33de813e6fff2db6ea20d7c1918
57b995b421820af50558dffee8d8d184
a58692e667c0c9eaa1ed299c7a162f5a
4fda0bcd70300bf897ad9b80425e4ea0
e08445c0e74e1ce0700c3216b710a0a0
90c7495bcb20f117c3cd099518e122c5
0f0a75683bc26a204c6ec94c96469b06
461802639c97af0b8200b3e9cd5ef5fd
0de103331c04498563dc0fe6fe578ccd
85653fa6d731cd77d5ca8243c295e475
b75c367cb206b339aa39cfe90123fa7b
e9ca64b2f908302da077337c6b3aa41d
5ea2a5e1a06ce7a1ccafd580e70ced72
syd1923e72b28a2954b05b8ccf6084e661
89b476ab9e4a599dacf3cb6e120605e1
b39a3370f473b09c3e38fa8c9d74972f
14882f4ec67f69a3c0d611f4d8f48027
1fef7397e66a937b2b8eb21b34c1c819
04db58269e6720dbfb14b0daf8eb6d3a
2f5aaaef860b9075a7185d5eae77c61f
cc119b430f0fdc363a7a53fe13e98375
ed27354f2016425be7fad7f2a4d469f1
205bc71e14b3a0b5ed3cdf66ea23e64d
84cda342ae2b5836581801d5e9a9d06d
6883ea818bc4fa3a6655b50f58560316
9b39bafed1fe787e382ccce22a34f167
fd7d70ebec733df5e36e7b91a61351d9
5fe933d3fc12cd28f0fcd4bbc34052a2
b2d4b7b8feb1396752f5b5b0a5d2822d
1150c43bffc077ecfa9c379dad3023af
amenbrk313ee3b998766ac373ef603ac
d00eae4a94cc853df59839c1a7606d6a
04198b3b861c0abd64a71107ec8a602b
946f6881d8835015acf9dc63ae11477b
c7be08cc34d3e378843a4116cae39dcf
sy399f59799226b4dc80d971918ef1aaaf
7d710ef2c5dcf14b56cd62c1a114c5b9
5f046243e4a5bd251accbfae58264ec4
07f510dcb6cc0b8c86f4944372ffa486
bbd37a646af20d535930ac80dd5591d3
9ff2b5da038d3cefdea469bba37b1f86
5887b710bfda2ce6d46f609a8e54c927
2bf7d54f469b3a46fa0e8c4ed07fcf0f
dbd6d7b67e8ea4eb81dd7f1a53b2d138
b6f3fa63255be2ff1cc3234ee080ef24
2f5969a1c1d92668385c5ea7a21ca60a
d240bb57d35aa69a0a2e016f3bf9e74e
75599510f487b339c1d52e4c7856c3e5
5e3e3d4d931d954c70223ce6782bed15
483e876adc3315e192e4afcf30a952a9
amenbrk35c3f21c160fc1b35f631f0ae
d1d3902e8f076bba303d602f97d57c0c
b6df724c8b751812a12c66bec58c7209
amenbrk4ad2f06543d0c3e668a1bd361
86246335f7bace86a55537b714b1d243
a9bc40536f63f6571b4a1ba21a1a4a8d
amenbrkca7f2686b296c4d4a8d5387fd
af03fe9c97be1e1a6daffeca2a74b8d6
9637afcda225ba49684487d5473be921
14793eee0275c3416be41c79d13a7b27
68b813b012e776dc50f1f9aed5841e36
amenbrk795b5ed653dfecef007b5eabc
3e3a0d82b57650cb130a2723c8d46356
cf26814f5b6a76fa889d9e4332b7a767
6a664955142464133b7bcdd8bc51359c
amenbrk57226524b02a278775e0c7498
9d0118d9dce9ee69210a1d7d439714d7
d6bf3a50a1e8becaab0456ee217b8af9
41c170f193aa5dd4100235b0bd120b98
amenbrk1ef880134eefdef33f6a5d305
0b651e27d61d37613ab9807d386def75
b58ef9f8b1790a7ea98986586a7268f0
64c7a5e2828ff70e4ad57f86aa0af098
4bfae2b1e9ec2a7635de7dcb231316b8
6b0ef85d2b9db6228192bf277e4e833c
amenbrka7ee39ede7ca2fe0067b86f3e
ff32b82727370a53dab96e51ee7f3925
17063e4f221ae4918a604e62704ada07
9b9d5ede76bc043fd24c8f7ca60a087c
c671466caec22b2fe703c379904d1380
77cf86fa831badc0c0414630ff001a74
23cb5f53692a951b0ef52783431f0a03
068edb6bd430ae94a5228cc19702604e
c4b3115d0e033f1d5666e7c5d3588a81
6cf6a53c533317f287a7a3281dbff428
22e9de986931ff7620ff591d794ec959
184dc23af1ea7055a18761f436792bbd
69b1caf965fe23aa51b665c1ff2fc4f2
d34e8de6e5ea519edf98ac64e56e9b65
0bd09a011c59ab4dcef479af4d7ed26a
0b2ec45ab5645e074f0f95ef01dfabd0
e0b86d09166ca7d41b0c9ed9123e84d9
5e8ea370109dd27135249b7850280717
ed864bee2204d3e647a35caf023e49ef
ab4ab1b5da3499c0af7cb2a79670c507
791f5fe6de2d1855e5786995af36a23d
612795f8b1a8f4584140a2d643fd1080
f7e359458d0c88e0312b6f89e8184714
7a0bbfe75a129dab2c9deb33c8c04020
amenbrke659addc5bfcd787c709deb2c
e69ed1fe7135d68688947593eba66c0b
454ab25c94618c52c38e57195cf0da84
681c98cd69f0d14cab42d5674ff07d57
ce37baf487cf0014a27dda926c18fa2a
87f6d948dfd0650274cefe582b815b41
50f327c142647eb2e4c72b86f3e4e3da
551f04e6c3d09ce292c660c1c792a34c
51c70e885c22f75a8153bf85d043ad90
93bdd26a5b895f514f7ceadf2d320379
4dcec35b8668e3131b81d1560145d7c2
75a9e2c8cc89d42b25d5f27fa9f33ad9
1d9f9faf6673ec0135489112710e5ac8
f12d8bbb2f2fe3e42ca71b23aa4ddada
6caaa3f1afce09255df3404e06b80284
aeca897ff4df82668727127ebf259833
31a3be26c1e3851fe6bb937a3fb919a2
7736112ff1c7191a24396ecc9bdc6a36
eb8a99abf9f60c8fbb616d73d08c2d71
f72008ac14785ac2c9c32e7989180518
96e7cf3b72134c54aa5c4bd34f3107b9
097782ee72c75ea6337d849d13958930
eaff8972e35a2d2f4d6f7b853c16bf17
97cc6d0d6d4e182fd50d7d03b72fd49a
e39553174f61278f22334b2f15ad5879
800173ef6134c85f49008de26f4eaf34
79b2abddd6750468615a47c3aea59c5c
sya26e6f402234e34552db23d079c5a459
amenbrk9af9bb850da35fc917178f546
b290be150f27f2a960ff73b6d0256dce
amenbrk2a1bebdb82978db1bdfb981c9
amenbrk87f6ca7e5f87cc39f17771c1e
6bd73969af9a1be5c5708505bad0fc22
cc1084ba4085d67c8778938047c9208d
cc2838363ace80e7c588db827afe9f80
df0b409c6493be93923910d377cafb3d
967392f0df03797444d81c0716ea5c31
amenbrk72a9e65a75fa940e14654b4e6
amenbrkc8c115658da2398ccfaa66862
amenbrkde6bc868a28098083a956af52
amenbrk423f24c9da92be0ed407a69ae
amenbrk56cd92c0cb2e127092ed8c491
amenbrkb3c3c41be89871546d8940831
amenbrk4dcf6debc4ee2bff8f0eb1ff6
amenbrked0047b7312570cf3b3bb6cf3
amenbrkf3e66de73a4595609533deca2
amenbrk3224dbd5fe6855caa1b8c3a00
amenbrk9fe6f4999f1752856f37afd2f
amenbrk9dc0082b1f51298e82b46d24f
amenbrk29789d16ce3bf6600f27e13e5
amenbrk14a1b2038796ecf4eafcbdfe7
amenbrk99adcbb1e367181443917abc1
amenbrkf17e47ac2a1667977973a0a74
amenbrk6ac4dc274f7bb32617faf4a27
amenbrke723a6d583144fd1645601660
amenbrkf9d97d52a972b07da8e2ace18
amenbrkbec368adc61095dcad1f4ebdf
amenbrk52227a53241fc46843cd68574
amenbrk8646b4201046cc876eff69cab
amenbrk66366614aff561a8cfc826315
amenbrkedf886dd43b3074280735329e
amenbrk0496a44a2fd6f27322f4be951
amenbrkf248b8de81315ad8cd71f7f4c
amenbrk3e7bf34d2e451dd9c1b8cc714
amenbrk0b16fe4d5a36b83379bdd129f
amenbrkfecf01e84d5b6200d52a2315c
amenbrkb322f5d91397460ddde820387
amenbrk962c0d3d9c679d9682b603465
amenbrk78ca0071ad1a2ea1b56fd9e2d
amenbrkdfaac30b9ae6d3203a0eaccff
df804ae4cb738f02fcaf7bdf0baed9ef
b5987477ba65fdd5c855ad8fea243615
e05f2f3b21fd1b4dfb6047deb6e24a2e
fd40b2591368969dc405d78a36e7580d
64727587d7b62975303a7ffdae5972ac
f828f1317013313a37d13ec813d2be5d
2353ccea515feac658cab7081e630a7a
cba05caff78ba57a034d9ef1c068594b
67b692a2091f74a2683f1495e1c0b9f0
6bb32b62fab55558b4c84de819698ec0
ef7ee647b197f0a247b2432b60ca1f11
9c38778f3590687ee087366c68f33776
46e42bd27a3da666b754aa70d857fda1
6bd93f01d627d60fdcb728357bf63168
38b9aabb0abf6e101a6af525499d32f6
710119cf523cc6d3257bfd3d9640e77a
640f417f21498ff3d7993df76958d406
e61b19cef3e81378140f08eec3249937
7cee4ca2fb52704f6a91cd999bf4791a
3bcf116245cdcf360bb5e3f07a34cf2d
df9d5fa402ea9e0a48341d11022dc8ff
206ac0cb2a5c4f38777e5e22fb31e9cb
6b041d4cc354b906e08e3ddd05324cdb
e7924cb4ac2ce7700f914d8945686505
dd3790f5a71ec91f25641e8b92e3c355
c07efc93faca695dd3f92f1e3e0f3276
54a96de4d68d502c809434bcba7bf4fd
3e313816c410944c6f5a243978176cd5
b195070c9636f465e8306e69f65b7f39
amenbrk12598a293cf183630cf8e978b
amenbrkdf4a0b4bfcc7ad49503bf3398
amenbrke1a9d3963407cd5c342ffe55b
bfc3dfe17bfbc8359e24b4d08c24c9ca
18896d9a809e758b733b6ce563192ce0
ef1ae784ee104fed946b6cabb0fd0ca3
2c074d547c9fabeb6730e1ce9cc8b362
5210e5d872dbfeab976be837c6701c26
728af7cc04f4a3ec68f8aea0fa70866c
b535bb4c51327d1ae789dbc3cdf4fccc
71770cc07d0ce201447ae8b747fd4e7b
9b0a397a0170281d57efee9842753ea4
b657cf58a5aca04818f5e30a1e93fc3c
33212a96726b2fa9b3c83b81eda41c5f
bbc931536b8e7d49085ae085aef0f8a8
981bbf2d89ab0cb5db03a927bc5eeb80
0a58a6b0a446d00d5c87e950a79f84f5
ebcd17bc1cb0f8f65977e47fe0303cf4
brk9edca968371ea1db20886d6982083e2f
165e210d72e01c3448e5ac9512bf621e
7692bd1226ba64657fb55fcbccce30e7
aff4b7b57983305859e3b7e64ac63132
amenbrk75768ed4a2bbe651f585bb3a2
52d02b05c92c96e75588f5907f6be43b
d81ddf360070ee17ee5f277f97c89567
8e121955e4d43f481528b6f0bfe46774
a862a4815ca799d9f62447f3830f7d86
3badb597d9499208ef39c7feac829407
d1c699679772e1a187607b943e8f1f1e
amb8ba363852b4690a8e43e8d6ce772e2eb
9e4bee629f0753faf7d2d90e5b94c0a1
ambd273acdcb6b43d9301b8f549ee04c5b7
73f11c5e9e708176688dbca53b45649e
72bd855d76a4ebd4c6c10cd7c91720f9
74e2e3d2de0225ae1deccad681281e94
5c296ce802c92215379e9ca2ca14da97
b6206a1bce5c332567a708142f8c05ce
fd4e621218a7ea4858dd8557196398af
7c6264216a81aa0905208393b5d40e64
b3636d2b2c8db410051e627a4fb9c0e0
3c5ed1110a20eab52acc4f3814daef90
cf9a5704a2f992e84e5e94e9086eb362
b4cff59f7d97fe3223baebdbd93b366a
63c7d5f788b5607ec77870cb252170e9
2ca9840ce31936dee4ac4d53dd3dc06b
baf854839ebdd53e9a0971dd44ae58ed
56130579bd0a1227bad78d20a56ab09c
e6b05a26702c35f9878c8281c9f35dc5
9b3ef726af917b71fba93995d24af8cf
c9e8968300591a17e9452f494953e3e4
4b97dbff82d65af49556f663c25cc5f7
2ffaf3247be8b0138e5c6382ae0d3534
amenbrk2514b295525c49ef671dfd730
29ae7bbf5531c86a5de824be09125e08
00873060a4aa13e9d6bca655d63d55e7
7f7c4e56eb23094ce99ce2f13192a4d9
05380ac691d14b7e5561935ffadfdb2f
278c9372c4c5602f670035189fe8f752
02b05827f3a233e21b368219d1ee8cf9
4b232e7afaee5d82954b8315b7ebd91e
1bddfde38561bae92b6522a1cf20333d
ca1ebb6651f398558768d3cd5e92426d
060ee70c7502bc6879bd4d1dee851a47
d4a8054690b80d72f1d0fd7ef6734606
26fa8a7edd39f58143759410152030ac
2f68ef4adde7831cdd27888f490279d2
cc48e623f24c7ab5516d2a97ea62c0f4
3a27ee2390e83d8cab7deed99e4dba32
db23a61e4c01a90592f7663086b91cfb
fccf736ceda90d99e0043c8218b5c19d
2f1d256085f42081c5081056cca393b4
4f9d0190bdd39695be51e65f5eb54060
283930482848fcb9d36cdd327e9a8b7e
6fc016c60baad1a37159b13a94bad216
29697b8ce2ff417907c0f67d1029bd84
624ba4d60dd88740597667d44db94f8c
6d8861999b30c19fc653da0981a98c63
0b4ee80cf00aa8b2df12d0939d64e2c3
6d52ccbf52619fb3e74c8d00ee96a9e7
c04f5d42118e18e59e01c01c3acf96c8
dd9bb4a5c2194849cfb972301aa01d5f
38e94ebde0ea20f4842c01063e1a9fe7
1a653e8e7cb849487227fed23faadfe5
4572164550b1f2cb937c1258e5a9c28b
b7a3765a159093ce7841c567dc05d636
41c5030aae909ba693cfde17d38b0834
amb7451b2c621cec4701e7c5f021e77073a
a677ef75566e77f2dbe0374608b463e1
0ad2e57928aea54e9c71b2276b3e8c7e
2c060438b0c62960e213fe7b6e5e64ae
72b0d8442b85991fbbda5bf20e7be6c6
b9db770df3ea5943b064f1f67d628f74
24e9d9a6ac7ef516ad69f01ad96b8a12
b70e9ebd65a2e302591c480b3e3fb9d2
3adb5ed210c1e2ab07f205c8eaf702d2
ambcbfd160dea9eaabc10ef49bd9e0c8466
da38be27e3b97b0deb123ec698e7f318
330b209153192ece0eb80ba5bc26dd9b
cd10b9c510734a31ed4045694ebb8ce0
acea83ac43c13074ae678814983afaf3
5ba4d2f0d97f73f23d4f06e91831efa4
131fe2dd4c64242fbe1ac414825f5cbe
ambc8ecb919f2f6860c31ab1c6d1766a1ac
512d32cf51e8fbdb9454f5cabc8d900c
7f12f46a50f7dd109f2dee428c64b688
89fd3c20f8178cf0918a8b241586b7af
186c3ec04832145177ece60138a1dbaf
e5e435318daf9e2407c1bc738cfe508d
538a772ef9d2ab26851c8511a2c2e89b
4713a84a98742b22cae30e489bd6ee7a
85c01e2138437f52045c6854d2de4dea
411ec3bf1d87954560044a11bf236c9a
934196982aeb1bbae9ce9afdea909c04
c11587d925c928e041a760cf903cf63b
d6e5711ce0e1e652bba423025496534c
9ee3d68719d1d50638ee3a36b74cb2ca
5e4503a1141ec46fada9482e20faa073
6252fe357f648d869263e52cd52d7c43
5cb6868d0403d26f5cb67cf64a712d59
e6bcd15274436a829eafde224fefd17b
99db32eb1e3ee6496d02877874ddfd78
9767707eafc446235b2e0a4de97c558a
amenbrkcc299282120328f9677c8b12d
2b623e0458186ba3356a92fc02fda235
05ec06587eabcaec4c63b2a9def66a63
exc9a3aa6c6126fad57768bc7790eb356d2
exc89750f04cdc26f8039460225bd073e49
exc51612f9e4f13d7a430fb7202f66494e6
excd80cc888b2279ad962cb6c85b070f7c5
exc6bed78dcf28ebd80452ebd80ad80143e
exc0989df2f7fb4e58393795c36cbaa9710
excbfb3ce9feb544fcc719375e617999837
exce894886fcd7121f42141cea8a3d54c87
excc114f929cc54d4f334f163b5e3f23757
excb10371a659cd1a028985628a17ae0641
exc07f61b8a7cb882bf1eaebf9387ae3f0d
exc8266dfaa73b313124dd2b0ba48b32b8c
exccf2b8874b5c3980293542c3ec1d28ced
d7888d9a2c5befd5b8a1f5becfb309c0
d01373e7eb2d54eba4cb28b59df3e58d
excad45b236f43277b4e8cc8104c735c8e7
exc1d895101082ac74b19d301e60cc77a03
d35b961e94c700d3e2c928815e88ac7c
4b11da609177f5b9db7a7ad59e3dd9e4
7dcdb065e924256022dd9fda0333c85f
f0688a9b805c9f0d44c891505ec745bc
d6670d64cb9dc942dbc0e4f60841135f
exca4f1a8173e5dd4b4b02efb4d9ede3b54
ecd5e3d854ad2643d3417cba42bc93d7
6bdcfb7dbbe4632b66ced0b7a3be1956
exc170aeee9359552166fcf205fa7570df7
exc50b6e8fdac0a554d3438d3c3edc70457
268151bdb306786b4f7052c1bec455ff
exc998963aaf8b35f0f4c986e57d9d21e96
excfccee1cc9ffe813dcb1c72eccb048add
cb5ca53e8e9c0047bbbc194e70efc3c0
6912cee1d55120e4c2290df5a893a534
a9485daf794e2f476abd0097b1b70a49
bcc688611f44561fde1d575f09e8faab
f91c9f5806f40bcaa91df87e22087e7b
exc1621b30dd784b9005565228b5add96eb
ambb410912f8162e2df9576ee88de8f6c9c
0b79cb588f6a83333d442c0b0cf11933
exc039e5f93001d00abb2ca59c045a498c1
ambe49403ca8a0408027187b7f2bc34e7a0
6172bbc52b50e58c1b4a1a4a616d97ae
ebbacced52ef6e1b56a53b2a0b01e62f
amb07ec4630398bc61b4b0cb31755de81bc
amb5b2fac628bea524e0c3638fdadc729a9
exc8cb2e4ce007ee13c041043418d66201b
exc5b59497d02142a5c81205cbeb2569877
exc7f94225a8e075c54d2b9cd528c0a0932
5498e0ecf9d7700b1af2fcb57f79592b
7592747e27caa5a873a96a56af9bcf44
